|--- feature_3 <= 0.50
|   |--- feature_1 <= 0.50
|   |   |--- feature_11 <= 0.50
|   |   |   |--- feature_4 <= 0.50
|   |   |   |   |--- feature_7 <= 0.50
|   |   |   |   |   |--- feature_6 <= 0.50
|   |   |   |   |   |   |--- feature_12 <= 3.00
|   |   |   |   |   |   |   |--- class: 7
|   |   |   |   |   |   |--- feature_12 >  3.00
|   |   |   |   |   |   |   |--- class: 6
|   |   |   |   |   |--- feature_6 >  0.50
|   |   |   |   |   |   |--- class: 7
|   |   |   |   |--- feature_7 >  0.50
|   |   |   |   |   |--- feature_5 <= 0.50
|   |   |   |   |   |   |--- class: 3
|   |   |   |   |   |--- feature_5 >  0.50
|   |   |   |   |   |   |--- class: 5
|   |   |   |--- feature_4 >  0.50
|   |   |   |   |--- class: 6
|   |   |--- feature_11 >  0.50
|   |   |   |--- class: 4
|   |--- feature_1 >  0.50
|   |   |--- class: 2
|--- feature_3 >  0.50
|   |--- class: 1
